<?xml version="1.0" encoding="UTF-8"?>
<!-- Generated by org.testng.reporters.JUnitReportReporter -->
<testsuite hostname="user15" failures="0" tests="4" name="Runner.RunnerPage" time="16.129" errors="0" timestamp="2024-11-19T22:53:29 IST" skipped="0">
  <testcase classname="Runner.RunnerPage" name="runScenario" time="8.488"/>
  <testcase classname="Runner.RunnerPage" name="runScenario" time="2.012"/>
  <testcase classname="Runner.RunnerPage" name="runScenario" time="2.342"/>
  <testcase classname="Runner.RunnerPage" name="runScenario" time="3.287"/>
</testsuite> <!-- Runner.RunnerPage -->
